<?xml version="1.0" encoding="UTF-8"?>
<!-- Generated by org.testng.reporters.JUnitReportReporter -->
<testsuite skipped="0" hostname="LAPTOP-B77MLISK" name="FirstTest" tests="3" failures="0" timestamp="10 Feb 2021 17:21:11 GMT" time="83.471" errors="0">
  <testcase name="GOOGLE1" time="28.042" classname="FirstTest"/>
  <testcase name="GOOGLE2" time="27.364" classname="FirstTest"/>
  <testcase name="GOOGLE3" time="28.065" classname="FirstTest"/>
</testsuite> <!-- FirstTest -->
