<?xml version="1.0" encoding="UTF-8"?>
<!-- Generated by org.testng.reporters.JUnitReportReporter -->
<testsuite skipped="0" hostname="LAPTOP-B77MLISK" name="SecondTest" tests="2" failures="0" timestamp="10 Feb 2021 17:21:11 GMT" time="64.595" errors="0">
  <testcase name="YANDEX" time="28.855" classname="SecondTest"/>
  <testcase name="GOOGLE4" time="35.740" classname="SecondTest"/>
</testsuite> <!-- SecondTest -->
